#
# There is insufficient memory for the Java Runtime Environment to continue.
# Native memory allocation (malloc) failed to allocate 4092 bytes for char in c:\build_area\jdk6_30\hotspot\src\share\vm\utilities/stack.inline.hpp
# Possible reasons:
#   The system is out of physical RAM or swap space
#   In 32 bit mode, the process size limit was hit
# Possible solutions:
#   Reduce memory load on the system
#   Increase physical memory or swap space
#   Check if swap backing store is full
#   Use 64 bit Java on a 64 bit OS
#   Decrease Java heap size (-Xmx/-Xms)
#   Decrease number of Java threads
#   Decrease Java thread stack sizes (-Xss)
#   Set larger code cache with -XX:ReservedCodeCacheSize=
# This output file may be truncated or incomplete.
#
#  Out of Memory Error (memory/allocation.inline.hpp:44), pid=1728, tid=4808
#
# JRE version: 6.0_30-b12
# Java VM: Java HotSpot(TM) Client VM (20.5-b03 mixed mode, sharing windows-x86 )

---------------  T H R E A D  ---------------

Current thread (0x01742c00):  VMThread [stack: 0x012c0000,0x01310000] [id=4808]

Stack: [0x012c0000,0x01310000],  sp=0x0130fa10,  free space=318k
Native frames: (J=compiled Java code, j=interpreted, Vv=VM code, C=native code)

[error occurred during error reporting (printing native stack), id 0xc0000005]

VM_Operation (0x056be7e8): GenCollectForAllocation, mode: safepoint, requested by thread 0x03d5a000


---------------  P R O C E S S  ---------------

Java Threads: ( => current thread )
  0x03d5a400 JavaThread "CompilationUnitBuilder" daemon [_thread_blocked, id=5844, stack(0x056c0000,0x05710000)]
  0x03d5a000 JavaThread "Code server for kidstime from Mozilla/5.0 (Windows NT 6.1) AppleWebKit/535.11 (KHTML, like Gecko) Chrome/17.0.963.79 Safari/535.11 on http://127.0.0.1:8888/kidstime/hosted.html?kidstime @ u,TtX6C9v8&Za+f^" daemon [_thread_blocked, id=5208, stack(0x05670000,0x056c0000)]
  0x03d57800 JavaThread "14741508@qtp-785542-5" [_thread_blocked, id=784, stack(0x04d00000,0x04d50000)]
  0x03d58c00 JavaThread "8911639@qtp-785542-4" [_thread_blocked, id=1252, stack(0x044c0000,0x04510000)]
  0x03d59800 JavaThread "4847000@qtp-785542-3" [_thread_blocked, id=5784, stack(0x04cb0000,0x04d00000)]
  0x03d59000 JavaThread "4999822@qtp-785542-2" [_thread_blocked, id=788, stack(0x04c60000,0x04cb0000)]
  0x03d58000 JavaThread "Timer-1" daemon [_thread_blocked, id=2196, stack(0x04560000,0x045b0000)]
  0x03d58400 JavaThread "15728118@qtp-785542-0 - Acceptor0 SelectChannelConnector@0.0.0.0:8888" [_thread_blocked, id=5880, stack(0x04470000,0x044c0000)]
  0x03f6a400 JavaThread "com.google.gwt.thirdparty.guava.common.base.internal.Finalizer" daemon [_thread_blocked, id=5700, stack(0x04b70000,0x04bc0000)]
  0x03ec8c00 JavaThread "Code server listener" daemon [_thread_in_native, id=2960, stack(0x04690000,0x046e0000)]
  0x017a9000 JavaThread "UnitWriteThread" daemon [_thread_blocked, id=6124, stack(0x04510000,0x04560000)]
  0x017a8c00 JavaThread "Thread-2" daemon [_thread_blocked, id=4620, stack(0x04360000,0x043b0000)]
  0x03d4c000 JavaThread "Thread-1" [_thread_in_native, id=5492, stack(0x04310000,0x04360000)]
  0x03cd7000 JavaThread "Low Memory Detector" daemon [_thread_blocked, id=6132, stack(0x03dd0000,0x03e20000)]
  0x03cd4400 JavaThread "C1 CompilerThread0" daemon [_thread_blocked, id=3220, stack(0x03d80000,0x03dd0000)]
  0x0178dc00 JavaThread "Attach Listener" daemon [_thread_blocked, id=2932, stack(0x03b30000,0x03b80000)]
  0x0178cc00 JavaThread "Signal Dispatcher" daemon [_thread_blocked, id=5984, stack(0x03ae0000,0x03b30000)]
  0x01784400 JavaThread "Finalizer" daemon [_thread_blocked, id=2500, stack(0x03a90000,0x03ae0000)]
  0x0177f800 JavaThread "Reference Handler" daemon [_thread_blocked, id=2388, stack(0x03a40000,0x03a90000)]
  0x0170c000 JavaThread "main" [_thread_blocked, id=724, stack(0x00390000,0x003e0000)]

Other Threads:
=>0x01742c00 VMThread [stack: 0x012c0000,0x01310000] [id=4808]
  0x03d02400 WatcherThread [stack: 0x03e20000,0x03e70000] [id=5332]

VM state:at safepoint (normal execution)

VM Mutex/Monitor currently owned by a thread:  ([mutex/lock_event])
[0x01708970] Threads_lock - owner thread: 0x01742c00
[0x01708d80] Heap_lock - owner thread: 0x03d5a000

Heap
 def new generation   total 54720K, used 54720K [0x136e0000, 0x17240000, 0x1e180000)
  eden space 48640K, 100% used [0x136e0000, 0x16660000, 0x16660000)
  from space 6080K, 100% used [0x16c50000, 0x17240000, 0x17240000)
  to   space 6080K, 100% used [0x16660000, 0x16c50000, 0x16c50000)
 tenured generation   total 121844K, used 121844K [0x1e180000, 0x2587d000, 0x336e0000)
   the space 121844K, 100% used [0x1e180000, 0x2587d000, 0x2587d000, 0x2587d000)
 compacting perm gen  total 18688K, used 18682K [0x336e0000, 0x34920000, 0x376e0000)
   the space 18688K,  99% used [0x336e0000, 0x3491e8e0, 0x3491ea00, 0x34920000)
    ro space 10240K,  51% used [0x376e0000, 0x37c0da30, 0x37c0dc00, 0x380e0000)
    rw space 12288K,  55% used [0x380e0000, 0x38779b50, 0x38779c00, 0x38ce0000)

Code Cache  [0x01910000, 0x01de8000, 0x03910000)
 total_blobs=2294 nmethods=2123 adapters=104 free_code_cache=28483456 largest_free_block=320

Dynamic libraries:

[error occurred during error reporting (printing dynamic libraries), id 0xc0000005]

VM Arguments:
jvm_args: -javaagent:C:\Users\bm\Documents\200 Java Entwicklung\eclipse\plugins\com.google.appengine.eclipse.sdkbundle_1.6.1.v201201120043r37\appengine-java-sdk-1.6.1\lib\agent\appengine-agent.jar -Xmx512m -Dfile.encoding=Cp1252 
java_command: com.google.gwt.dev.DevMode -server com.google.appengine.tools.development.gwt.AppEngineLauncher -remoteUI 49674:5161588718285 -startupUrl KidsTime.html -logLevel INFO -codeServerPort 9997 -port 8888 -war C:\Users\bm\Documents\200 Java Entwicklung\workspace\KidsTime\war com.dreamboxx.KidsTime
Launcher Type: SUN_STANDARD

Environment Variables:
CLASSPATH=.;C:\Program Files\Java\jre6\lib\ext\QTJava.zip
PATH=C:/Program Files/Java/jre6/bin/client;C:/Program Files/Java/jre6/bin;C:/Program Files/Java/jre6/lib/i386;C:\Windows\system32;C:\Windows;C:\Windows\System32\Wbem;C:\Windows\System32\WindowsPowerShell\v1.0\;C:\Program Files\Common Files\Acronis\SnapAPI\;C:\Program Files\Toshiba\Bluetooth Toshiba Stack\sys\;C:\Program Files\Git\cmd;C:\Program Files\QuickTime\QTSystem\;C:\Users\bm\Documents\200 Java Entwicklung\eclipse;
USERNAME=bm
OS=Windows_NT
PROCESSOR_IDENTIFIER=x86 Family 6 Model 15 Stepping 6, GenuineIntel



---------------  S Y S T E M  ---------------

OS: Windows 7 Build 7601 Service Pack 1

CPU:total 2 (2 cores per cpu, 1 threads per core) family 6 model 15 stepping 6, cmov, cx8, fxsr, mmx, sse, sse2, sse3, ssse3

Memory: 4k page, physical 2095288k(136652k free), swap 2095288k(3236k free)

vm_info: Java HotSpot(TM) Client VM (20.5-b03) for windows-x86 JRE (1.6.0_30-b12), built on Nov 10 2011 01:51:00 by "java_re" with MS VC++ 7.1 (VS2003)

time: Mon Mar 19 15:19:41 2012
elapsed time: 621 seconds

