#
# There is insufficient memory for the Java Runtime Environment to continue.
# Native memory allocation (malloc) failed to allocate 4092 bytes for char in c:\build_area\jdk6_30\hotspot\src\share\vm\utilities/stack.inline.hpp
# Possible reasons:
#   The system is out of physical RAM or swap space
#   In 32 bit mode, the process size limit was hit
# Possible solutions:
#   Reduce memory load on the system
#   Increase physical memory or swap space
#   Check if swap backing store is full
#   Use 64 bit Java on a 64 bit OS
#   Decrease Java heap size (-Xmx/-Xms)
#   Decrease number of Java threads
#   Decrease Java thread stack sizes (-Xss)
#   Set larger code cache with -XX:ReservedCodeCacheSize=
# This output file may be truncated or incomplete.
#
#  Out of Memory Error (memory/allocation.inline.hpp:44), pid=1992, tid=4728
#
# JRE version: 6.0_30-b12
# Java VM: Java HotSpot(TM) Client VM (20.5-b03 mixed mode windows-x86 )

---------------  T H R E A D  ---------------

Current thread (0x015a9000):  VMThread [stack: 0x278c0000,0x27910000] [id=4728]

Stack: [0x278c0000,0x27910000],  sp=0x2790fa10,  free space=318k
Native frames: (J=compiled Java code, j=interpreted, Vv=VM code, C=native code)
V  [jvm.dll+0x1335ca]
V  [jvm.dll+0x12e60c]
V  [jvm.dll+0x1bb449]
V  [jvm.dll+0x13812d]
V  [jvm.dll+0x8e580]
V  [jvm.dll+0x8e7b0]
V  [jvm.dll+0x138653]
V  [jvm.dll+0x1389e2]
V  [jvm.dll+0x699a4]
V  [jvm.dll+0x65e79]
V  [jvm.dll+0x602a0]
V  [jvm.dll+0x620a0]
V  [jvm.dll+0x62500]
V  [jvm.dll+0x6109a]
V  [jvm.dll+0x68462]
V  [jvm.dll+0x5fcf8]
V  [jvm.dll+0x5799b]
V  [jvm.dll+0x13afe7]
V  [jvm.dll+0x11d8d3]
V  [jvm.dll+0x11cb9e]
V  [jvm.dll+0x11cec2]
V  [jvm.dll+0x11d2d2]
V  [jvm.dll+0x140ffc]
C  [msvcr71.dll+0x9565]  endthreadex+0xa0
C  [kernel32.dll+0x4ed6c]
C  [ntdll.dll+0x6377b]
C  [ntdll.dll+0x6374e]

VM_Operation (0x281fddd0): GenCollectForAllocation, mode: safepoint, requested by thread 0x2812ec00


---------------  P R O C E S S  ---------------

Java Threads: ( => current thread )
  0x283bb800 JavaThread "Timer-0" daemon [_thread_blocked, id=796, stack(0x28eb0000,0x28f00000)]
  0x283b4000 JavaThread "btpool0-1" [_thread_blocked, id=3980, stack(0x28e60000,0x28eb0000)]
  0x283ab000 JavaThread "btpool0-0" [_thread_blocked, id=2852, stack(0x28750000,0x287a0000)]
  0x28000800 JavaThread "GC Daemon" daemon [_thread_blocked, id=3420, stack(0x27ee0000,0x27f30000)]
  0x2820d400 JavaThread "com.google.gwt.thirdparty.guava.common.base.internal.Finalizer" daemon [_thread_blocked, id=2876, stack(0x287f0000,0x28840000)]
  0x2820bc00 JavaThread "Code server listener" daemon [_thread_in_native, id=4776, stack(0x287a0000,0x287f0000)]
  0x28097c00 JavaThread "UnitWriteThread" daemon [_thread_blocked, id=4712, stack(0x28600000,0x28650000)]
  0x2812ec00 JavaThread "UnitCacheLoader" daemon [_thread_blocked, id=3872, stack(0x281b0000,0x28200000)]
  0x27fd6400 JavaThread "Thread-1" daemon [_thread_blocked, id=1380, stack(0x27e90000,0x27ee0000)]
  0x27fd4000 JavaThread "Thread-0" [_thread_in_native, id=4632, stack(0x27e40000,0x27e90000)]
  0x01600000 JavaThread "Low Memory Detector" daemon [_thread_blocked, id=4076, stack(0x27da0000,0x27df0000)]
  0x015ffc00 JavaThread "C1 CompilerThread0" daemon [_thread_blocked, id=312, stack(0x27d30000,0x27d80000)]
  0x015ec800 JavaThread "JDWP Command Reader" daemon [_thread_in_native, id=4544, stack(0x27c80000,0x27cd0000)]
  0x015eb400 JavaThread "JDWP Event Helper Thread" daemon [_thread_blocked, id=3540, stack(0x27c30000,0x27c80000)]
  0x015e9800 JavaThread "JDWP Transport Listener: dt_socket" daemon [_thread_blocked, id=4008, stack(0x27bb0000,0x27c00000)]
  0x015df400 JavaThread "Attach Listener" daemon [_thread_blocked, id=5940, stack(0x27a00000,0x27a50000)]
  0x015de400 JavaThread "Signal Dispatcher" daemon [_thread_blocked, id=2908, stack(0x279b0000,0x27a00000)]
  0x015b1c00 JavaThread "Finalizer" daemon [_thread_blocked, id=5776, stack(0x27960000,0x279b0000)]
  0x015ad000 JavaThread "Reference Handler" daemon [_thread_blocked, id=2184, stack(0x27910000,0x27960000)]
  0x01659c00 JavaThread "main" [_thread_blocked, id=2524, stack(0x000c0000,0x00110000)]

Other Threads:
=>0x015a9000 VMThread [stack: 0x278c0000,0x27910000] [id=4728]
  0x0160b800 WatcherThread [stack: 0x27df0000,0x27e40000] [id=5828]

VM state:at safepoint (normal execution)

VM Mutex/Monitor currently owned by a thread:  ([mutex/lock_event])
[0x01657fe8] Threads_lock - owner thread: 0x015a9000
[0x016583f8] Heap_lock - owner thread: 0x2812ec00

Heap
 def new generation   total 26880K, used 26879K [0x036e0000, 0x05400000, 0x0e180000)
  eden space 23936K, 100% used [0x036e0000, 0x04e40000, 0x04e40000)
  from space 2944K,  99% used [0x04e40000, 0x0511fff8, 0x05120000)
  to   space 2944K,   0% used [0x05120000, 0x05120000, 0x05400000)
 tenured generation   total 75880K, used 75760K [0x0e180000, 0x12b9a000, 0x236e0000)
   the space 75880K,  99% used [0x0e180000, 0x12b7c1f8, 0x12b7c200, 0x12b9a000)
 compacting perm gen  total 12544K, used 12441K [0x236e0000, 0x24320000, 0x276e0000)
   the space 12544K,  99% used [0x236e0000, 0x24306420, 0x24306600, 0x24320000)
No shared spaces configured.

Code Cache  [0x01660000, 0x017e8000, 0x03660000)
 total_blobs=803 nmethods=667 adapters=79 free_code_cache=31962496 largest_free_block=64

Dynamic libraries:
0x00400000 - 0x00425000 	C:\Program Files\Java\jre6\bin\javaw.exe
0x77700000 - 0x7783c000 	C:\Windows\SYSTEM32\ntdll.dll
0x76ed0000 - 0x76fa4000 	C:\Windows\system32\kernel32.dll
0x752e0000 - 0x7532a000 	C:\Windows\system32\KERNELBASE.dll
0x76c60000 - 0x76d00000 	C:\Windows\system32\ADVAPI32.dll
0x75640000 - 0x756ec000 	C:\Windows\system32\msvcrt.dll
0x758b0000 - 0x758c9000 	C:\Windows\SYSTEM32\sechost.dll
0x76d00000 - 0x76da1000 	C:\Windows\system32\RPCRT4.dll
0x75a90000 - 0x75b59000 	C:\Windows\system32\USER32.dll
0x757d0000 - 0x7581e000 	C:\Windows\system32\GDI32.dll
0x77850000 - 0x7785a000 	C:\Windows\system32\LPK.dll
0x759f0000 - 0x75a8d000 	C:\Windows\system32\USP10.dll
0x75780000 - 0x7579f000 	C:\Windows\system32\IMM32.DLL
0x75920000 - 0x759ec000 	C:\Windows\system32\MSCTF.dll
0x7c340000 - 0x7c396000 	C:\Program Files\Java\jre6\bin\msvcr71.dll
0x6d7f0000 - 0x6da9f000 	C:\Program Files\Java\jre6\bin\client\jvm.dll
0x70ed0000 - 0x70f02000 	C:\Windows\system32\WINMM.dll
0x74fb0000 - 0x74ffc000 	C:\Windows\system32\apphelp.dll
0x6d7a0000 - 0x6d7ac000 	C:\Program Files\Java\jre6\bin\verify.dll
0x6d320000 - 0x6d33f000 	C:\Program Files\Java\jre6\bin\java.dll
0x6d370000 - 0x6d399000 	C:\Program Files\Java\jre6\bin\jdwp.dll
0x6d690000 - 0x6d696000 	C:\Program Files\Java\jre6\bin\npt.dll
0x6d7e0000 - 0x6d7ef000 	C:\Program Files\Java\jre6\bin\zip.dll
0x6d200000 - 0x6d207000 	C:\Program Files\Java\jre6\bin\dt_socket.dll
0x76fb0000 - 0x76fe5000 	C:\Windows\system32\WS2_32.dll
0x77840000 - 0x77846000 	C:\Windows\system32\NSI.dll
0x73d80000 - 0x73d90000 	C:\Windows\system32\NLAapi.dll
0x71b90000 - 0x71ba0000 	C:\Windows\system32\napinsp.dll
0x71ad0000 - 0x71ae2000 	C:\Windows\system32\pnrpnsp.dll
0x71b80000 - 0x71b8d000 	C:\Windows\system32\wshbth.dll
0x71520000 - 0x71545000 	C:\Program Files\Bonjour\mdnsNSP.dll
0x736f0000 - 0x7370c000 	C:\Windows\system32\Iphlpapi.DLL
0x736b0000 - 0x736b7000 	C:\Windows\system32\WINNSI.DLL
0x74bc0000 - 0x74bfc000 	C:\Windows\System32\mswsock.dll
0x74930000 - 0x74974000 	C:\Windows\system32\DNSAPI.dll
0x71b00000 - 0x71b08000 	C:\Windows\System32\winrnr.dll
0x73490000 - 0x734c8000 	C:\Windows\System32\fwpuclnt.dll
0x714e0000 - 0x714e6000 	C:\Windows\system32\rasadhlp.dll
0x74640000 - 0x74645000 	C:\Windows\System32\wshtcpip.dll
0x6d600000 - 0x6d613000 	C:\Program Files\Java\jre6\bin\net.dll
0x74b40000 - 0x74b46000 	C:\Windows\System32\wship6.dll
0x67600000 - 0x67609000 	C:\Users\bm\Documents\200 Java Entwicklung\eclipse\plugins\com.google.gwt.eclipse.sdkbundle_2.4.0.v201201120043-rel-r37\gwt-2.4.0\gwt-ll.dll
0x76db0000 - 0x76ecb000 	C:\Windows\system32\wininet.dll
0x75df0000 - 0x75e47000 	C:\Windows\system32\SHLWAPI.dll
0x75630000 - 0x75633000 	C:\Windows\system32\Normaliz.dll
0x75e50000 - 0x76008000 	C:\Windows\system32\iertutil.dll
0x75510000 - 0x75621000 	C:\Windows\system32\urlmon.dll
0x753b0000 - 0x7550c000 	C:\Windows\system32\ole32.dll
0x75820000 - 0x758af000 	C:\Windows\system32\OLEAUT32.dll
0x74e50000 - 0x74e58000 	C:\Windows\system32\Secur32.dll
0x74f90000 - 0x74fab000 	C:\Windows\system32\SSPICLI.DLL
0x76010000 - 0x76c5a000 	C:\Windows\system32\SHELL32.dll
0x750b0000 - 0x750bb000 	C:\Windows\system32\profapi.dll
0x73f00000 - 0x7409e000 	C:\Windows\WinSxS\x86_microsoft.windows.common-controls_6595b64144ccf1df_6.0.7601.17514_none_41e6975e2bd6f2b2\comctl32.dll
0x72ec0000 - 0x72f12000 	C:\Windows\system32\RASAPI32.dll
0x72ea0000 - 0x72eb5000 	C:\Windows\system32\rasman.dll
0x72e90000 - 0x72e9d000 	C:\Windows\system32\rtutils.dll
0x6dab0000 - 0x6dab6000 	C:\Windows\system32\sensapi.dll
0x75000000 - 0x7500c000 	C:\Windows\system32\CRYPTBASE.dll
0x74c00000 - 0x74c16000 	C:\Windows\system32\CRYPTSP.dll
0x747a0000 - 0x747db000 	C:\Windows\system32\rsaenh.dll
0x747e0000 - 0x747f7000 	C:\Windows\system32\USERENV.dll
0x6d780000 - 0x6d788000 	C:\Program Files\Java\jre6\bin\sunmscapi.dll
0x75130000 - 0x7524d000 	C:\Windows\system32\CRYPT32.dll
0x75120000 - 0x7512c000 	C:\Windows\system32\MSASN1.dll
0x6d620000 - 0x6d629000 	C:\Program Files\Java\jre6\bin\nio.dll
0x75770000 - 0x75775000 	C:\Windows\system32\PSAPI.DLL

VM Arguments:
jvm_args: -agentlib:jdwp=transport=dt_socket,suspend=y,address=localhost:51108 -Xmx512m -Dfile.encoding=Cp1252 
java_command: com.google.gwt.dev.DevMode -remoteUI 49289:10440498733364 -startupUrl KidsTime.html -logLevel INFO -codeServerPort 9997 -port 8888 -war C:\Users\bm\Documents\200 Java Entwicklung\workspace\KidsTime\war com.dreamboxx.KidsTime
Launcher Type: SUN_STANDARD

Environment Variables:
CLASSPATH=.;C:\Program Files\Java\jre6\lib\ext\QTJava.zip
PATH=C:/Program Files/Java/jre6/bin/client;C:/Program Files/Java/jre6/bin;C:/Program Files/Java/jre6/lib/i386;C:\Windows\system32;C:\Windows;C:\Windows\System32\Wbem;C:\Windows\System32\WindowsPowerShell\v1.0\;C:\Program Files\Common Files\Acronis\SnapAPI\;C:\Program Files\Toshiba\Bluetooth Toshiba Stack\sys\;C:\Program Files\Git\cmd;C:\Program Files\QuickTime\QTSystem\;C:\Users\bm\Documents\200 Java Entwicklung\eclipse;
USERNAME=bm
OS=Windows_NT
PROCESSOR_IDENTIFIER=x86 Family 6 Model 15 Stepping 6, GenuineIntel



---------------  S Y S T E M  ---------------

OS: Windows 7 Build 7601 Service Pack 1

CPU:total 2 (2 cores per cpu, 1 threads per core) family 6 model 15 stepping 6, cmov, cx8, fxsr, mmx, sse, sse2, sse3, ssse3

Memory: 4k page, physical 2095288k(138472k free), swap 2335936k(6812k free)

vm_info: Java HotSpot(TM) Client VM (20.5-b03) for windows-x86 JRE (1.6.0_30-b12), built on Nov 10 2011 01:51:00 by "java_re" with MS VC++ 7.1 (VS2003)

time: Sat Mar 17 14:19:25 2012
elapsed time: 32 seconds

